2017-08-12 19:20:18,786 INFO o.a.j.u.JMeterUtils: Setting Locale to en_SG
2017-08-12 19:20:18,805 INFO o.a.j.JMeter: Loading user properties from: user.properties
2017-08-12 19:20:18,806 INFO o.a.j.JMeter: Loading system properties from: system.properties
2017-08-12 19:20:18,815 INFO o.a.j.JMeter: Copyright (c) 1998-2017 The Apache Software Foundation
2017-08-12 19:20:18,815 INFO o.a.j.JMeter: Version 3.2 r1790748
2017-08-12 19:20:18,815 INFO o.a.j.JMeter: java.version=1.8.0_131
2017-08-12 19:20:18,815 INFO o.a.j.JMeter: java.vm.name=Java HotSpot(TM) 64-Bit Server VM
2017-08-12 19:20:18,815 INFO o.a.j.JMeter: os.name=Mac OS X
2017-08-12 19:20:18,815 INFO o.a.j.JMeter: os.arch=x86_64
2017-08-12 19:20:18,815 INFO o.a.j.JMeter: os.version=10.12.3
2017-08-12 19:20:18,815 INFO o.a.j.JMeter: file.encoding=UTF-8
2017-08-12 19:20:18,816 INFO o.a.j.JMeter: Max memory     =1908932608
2017-08-12 19:20:18,816 INFO o.a.j.JMeter: Available Processors =4
2017-08-12 19:20:18,821 INFO o.a.j.JMeter: Default Locale=English (Singapore)
2017-08-12 19:20:18,822 INFO o.a.j.JMeter: JMeter  Locale=English (Singapore)
2017-08-12 19:20:18,822 INFO o.a.j.JMeter: JMeterHome=/Users/scorpion/Documents/SimplyPost/postmanQA/LoadTest/apache-jmeter-3.2
2017-08-12 19:20:18,822 INFO o.a.j.JMeter: user.dir  =/Users/scorpion/Documents/SimplyPost/postmanQA/LoadTest/apache-jmeter-3.2/bin
2017-08-12 19:20:18,822 INFO o.a.j.JMeter: PWD       =/Users/scorpion/Documents/SimplyPost/postmanQA/LoadTest/apache-jmeter-3.2/bin
2017-08-12 19:20:18,824 INFO o.a.j.JMeter: IP: 192.168.0.104 Name: scorpions-MacBook-Pro.local FullName: 192.168.0.104
2017-08-12 19:20:21,419 INFO o.a.j.g.a.LookAndFeelCommand: Using look and feel: com.apple.laf.AquaLookAndFeel [Mac OS X, System]
2017-08-12 19:20:21,426 INFO o.a.j.JMeter: Loaded icon properties from org/apache/jmeter/images/icon.properties
2017-08-12 19:20:22,195 INFO o.a.j.e.u.CompoundVariable: Note: Function class names must contain the string: '.functions.'
2017-08-12 19:20:22,195 INFO o.a.j.e.u.CompoundVariable: Note: Function class names must not contain the string: '.gui.'
2017-08-12 19:20:23,481 INFO o.a.j.g.u.MenuFactory: Skipping org.apache.jmeter.assertions.BSFAssertion
2017-08-12 19:20:24,609 INFO o.a.j.g.u.MenuFactory: Skipping org.apache.jmeter.extractor.BSFPostProcessor
2017-08-12 19:20:24,680 INFO o.a.j.g.u.MenuFactory: Skipping org.apache.jmeter.modifiers.BSFPreProcessor
2017-08-12 19:20:24,744 INFO o.a.j.p.h.s.HTTPSamplerBase: Parser for text/html is org.apache.jmeter.protocol.http.parser.LagartoBasedHtmlParser
2017-08-12 19:20:24,744 INFO o.a.j.p.h.s.HTTPSamplerBase: Parser for application/xhtml+xml is org.apache.jmeter.protocol.http.parser.LagartoBasedHtmlParser
2017-08-12 19:20:24,745 INFO o.a.j.p.h.s.HTTPSamplerBase: Parser for application/xml is org.apache.jmeter.protocol.http.parser.LagartoBasedHtmlParser
2017-08-12 19:20:24,745 INFO o.a.j.p.h.s.HTTPSamplerBase: Parser for text/xml is org.apache.jmeter.protocol.http.parser.LagartoBasedHtmlParser
2017-08-12 19:20:24,745 INFO o.a.j.p.h.s.HTTPSamplerBase: Parser for text/vnd.wap.wml is org.apache.jmeter.protocol.http.parser.RegexpHTMLParser
2017-08-12 19:20:24,745 INFO o.a.j.p.h.s.HTTPSamplerBase: Parser for text/css is org.apache.jmeter.protocol.http.parser.CssParser
2017-08-12 19:20:25,361 INFO o.a.j.e.KeyToolUtils: keytool found at 'keytool'
2017-08-12 19:20:25,362 INFO o.a.j.p.h.p.ProxyControl: HTTP(S) Test Script Recorder SSL Proxy will use keys that support embedded 3rd party resources in file /Users/scorpion/Documents/SimplyPost/postmanQA/LoadTest/apache-jmeter-3.2/bin/proxyserver.jks
2017-08-12 19:20:25,574 INFO o.a.j.g.u.MenuFactory: Skipping org.apache.jmeter.protocol.java.sampler.BSFSampler
2017-08-12 19:20:25,661 INFO o.a.j.s.FileServer: Default base='/Users/scorpion/Documents/SimplyPost/postmanQA/LoadTest/apache-jmeter-3.2/bin'
2017-08-12 19:20:25,805 INFO o.a.j.g.u.MenuFactory: Skipping org.apache.jmeter.protocol.mongodb.config.MongoSourceElement
2017-08-12 19:20:25,805 INFO o.a.j.g.u.MenuFactory: Skipping org.apache.jmeter.protocol.mongodb.sampler.MongoScriptSampler
2017-08-12 19:20:25,979 INFO o.a.j.g.u.MenuFactory: Skipping org.apache.jmeter.timers.BSFTimer
2017-08-12 19:20:26,022 INFO o.a.j.g.u.MenuFactory: Skipping org.apache.jmeter.visualizers.BSFListener
2017-08-12 19:20:26,274 INFO o.a.j.s.SampleResult: Note: Sample TimeStamps are START times
2017-08-12 19:20:26,274 INFO o.a.j.s.SampleResult: sampleresult.default.encoding is set to ISO-8859-1
2017-08-12 19:20:26,275 INFO o.a.j.s.SampleResult: sampleresult.useNanoTime=true
2017-08-12 19:20:26,275 INFO o.a.j.s.SampleResult: sampleresult.nanoThreadSleep=5000
2017-08-12 19:20:37,854 INFO o.a.j.g.a.Load: Loading file: /Users/scorpion/Documents/SimplyPost/postmanQA/LoadTest/Pc/SimplyPostLoadTestPlan.jmx
2017-08-12 19:20:37,854 INFO o.a.j.s.FileServer: Set new base='/Users/scorpion/Documents/SimplyPost/postmanQA/LoadTest/Pc'
2017-08-12 19:20:38,017 INFO o.a.j.s.SaveService: Testplan (JMX) version: 2.2. Testlog (JTL) version: 2.2
2017-08-12 19:20:38,042 INFO o.a.j.s.SaveService: Using SaveService properties file encoding UTF-8
2017-08-12 19:20:38,043 INFO o.a.j.s.SaveService: Using SaveService properties version 3.2
2017-08-12 19:20:38,048 INFO o.a.j.s.SaveService: Loading file: /Users/scorpion/Documents/SimplyPost/postmanQA/LoadTest/Pc/SimplyPostLoadTestPlan.jmx
2017-08-12 19:20:38,097 WARN o.a.j.g.a.Load: Unexpected error. java.lang.IllegalArgumentException: Problem loading XML from:'/Users/scorpion/Documents/SimplyPost/postmanQA/LoadTest/Pc/SimplyPostLoadTestPlan.jmx', missing class com.thoughtworks.xstream.converters.ConversionException: 
---- Debugging information ----
cause-exception     : com.thoughtworks.xstream.converters.ConversionException
cause-message       : 
first-jmeter-class  : org.apache.jmeter.save.converters.HashTreeConverter.unmarshal(HashTreeConverter.java:67)
class               : org.apache.jmeter.save.ScriptWrapper
required-type       : org.apache.jorphan.collections.ListedHashTree
converter-type      : org.apache.jmeter.save.ScriptWrapperConverter
path                : /jmeterTestPlan/hashTree/hashTree/hashTree[3]/hashTree[4]/com.atlantbh.jmeter.plugins.jsonutils.jsonpathextractor.JSONPathExtractor
line number         : 144
version             : 3.2 r1790748
-------------------------------
java.lang.IllegalArgumentException: Problem loading XML from:'/Users/scorpion/Documents/SimplyPost/postmanQA/LoadTest/Pc/SimplyPostLoadTestPlan.jmx', missing class com.thoughtworks.xstream.converters.ConversionException: 
---- Debugging information ----
cause-exception     : com.thoughtworks.xstream.converters.ConversionException
cause-message       : 
first-jmeter-class  : org.apache.jmeter.save.converters.HashTreeConverter.unmarshal(HashTreeConverter.java:67)
class               : org.apache.jmeter.save.ScriptWrapper
required-type       : org.apache.jorphan.collections.ListedHashTree
converter-type      : org.apache.jmeter.save.ScriptWrapperConverter
path                : /jmeterTestPlan/hashTree/hashTree/hashTree[3]/hashTree[4]/com.atlantbh.jmeter.plugins.jsonutils.jsonpathextractor.JSONPathExtractor
line number         : 144
version             : 3.2 r1790748
-------------------------------
	at org.apache.jmeter.save.SaveService.readTree(SaveService.java:457) ~[ApacheJMeter_core.jar:3.2 r1790748]
	at org.apache.jmeter.save.SaveService.loadTree(SaveService.java:425) ~[ApacheJMeter_core.jar:3.2 r1790748]
	at org.apache.jmeter.gui.action.Load.loadProjectFile(Load.java:130) ~[ApacheJMeter_core.jar:3.2 r1790748]
	at org.apache.jmeter.gui.action.Load.loadProjectFile(Load.java:102) ~[ApacheJMeter_core.jar:3.2 r1790748]
	at org.apache.jmeter.gui.action.Load.doActionAfterCheck(Load.java:89) ~[ApacheJMeter_core.jar:3.2 r1790748]
	at org.apache.jmeter.gui.action.AbstractActionWithNoRunningTest.doAction(AbstractActionWithNoRunningTest.java:45) ~[ApacheJMeter_core.jar:3.2 r1790748]
	at org.apache.jmeter.gui.action.ActionRouter.performAction(ActionRouter.java:74) ~[ApacheJMeter_core.jar:3.2 r1790748]
	at org.apache.jmeter.gui.action.ActionRouter.lambda$actionPerformed$0(ActionRouter.java:59) ~[ApacheJMeter_core.jar:3.2 r1790748]
	at java.awt.event.InvocationEvent.dispatch(InvocationEvent.java:311) [?:1.8.0_131]
	at java.awt.EventQueue.dispatchEventImpl(EventQueue.java:756) [?:1.8.0_131]
	at java.awt.EventQueue.access$500(EventQueue.java:97) [?:1.8.0_131]
	at java.awt.EventQueue$3.run(EventQueue.java:709) [?:1.8.0_131]
	at java.awt.EventQueue$3.run(EventQueue.java:703) [?:1.8.0_131]
	at java.security.AccessController.doPrivileged(Native Method) ~[?:1.8.0_131]
	at java.security.ProtectionDomain$JavaSecurityAccessImpl.doIntersectionPrivilege(ProtectionDomain.java:80) [?:1.8.0_131]
	at java.awt.EventQueue.dispatchEvent(EventQueue.java:726) [?:1.8.0_131]
	at java.awt.EventDispatchThread.pumpOneEventForFilters(EventDispatchThread.java:201) [?:1.8.0_131]
	at java.awt.EventDispatchThread.pumpEventsForFilter(EventDispatchThread.java:116) [?:1.8.0_131]
	at java.awt.EventDispatchThread.pumpEventsForHierarchy(EventDispatchThread.java:105) [?:1.8.0_131]
	at java.awt.EventDispatchThread.pumpEvents(EventDispatchThread.java:101) [?:1.8.0_131]
	at java.awt.EventDispatchThread.pumpEvents(EventDispatchThread.java:93) [?:1.8.0_131]
	at java.awt.EventDispatchThread.run(EventDispatchThread.java:82) [?:1.8.0_131]
Caused by: com.thoughtworks.xstream.converters.ConversionException: 
---- Debugging information ----
cause-exception     : com.thoughtworks.xstream.converters.ConversionException
cause-message       : 
first-jmeter-class  : org.apache.jmeter.save.converters.HashTreeConverter.unmarshal(HashTreeConverter.java:67)
class               : org.apache.jmeter.save.ScriptWrapper
required-type       : org.apache.jorphan.collections.ListedHashTree
converter-type      : org.apache.jmeter.save.ScriptWrapperConverter
path                : /jmeterTestPlan/hashTree/hashTree/hashTree[3]/hashTree[4]/com.atlantbh.jmeter.plugins.jsonutils.jsonpathextractor.JSONPathExtractor
line number         : 144
version             : 3.2 r1790748
-------------------------------
	at org.apache.jmeter.save.ScriptWrapperConverter.createConversionException(ScriptWrapperConverter.java:103) ~[ApacheJMeter_core.jar:3.2 r1790748]
	at org.apache.jmeter.save.ScriptWrapperConverter.unmarshal(ScriptWrapperConverter.java:97) ~[ApacheJMeter_core.jar:3.2 r1790748]
	at com.thoughtworks.xstream.core.TreeUnmarshaller.convert(TreeUnmarshaller.java:72) ~[xstream-1.4.9.jar:1.4.9]
	at com.thoughtworks.xstream.core.AbstractReferenceUnmarshaller.convert(AbstractReferenceUnmarshaller.java:70) ~[xstream-1.4.9.jar:1.4.9]
	at com.thoughtworks.xstream.core.TreeUnmarshaller.convertAnother(TreeUnmarshaller.java:66) ~[xstream-1.4.9.jar:1.4.9]
	at com.thoughtworks.xstream.core.TreeUnmarshaller.convertAnother(TreeUnmarshaller.java:50) ~[xstream-1.4.9.jar:1.4.9]
	at com.thoughtworks.xstream.core.TreeUnmarshaller.start(TreeUnmarshaller.java:134) ~[xstream-1.4.9.jar:1.4.9]
	at com.thoughtworks.xstream.core.AbstractTreeMarshallingStrategy.unmarshal(AbstractTreeMarshallingStrategy.java:32) ~[xstream-1.4.9.jar:1.4.9]
	at com.thoughtworks.xstream.XStream.unmarshal(XStream.java:1230) ~[xstream-1.4.9.jar:1.4.9]
	at com.thoughtworks.xstream.XStream.unmarshal(XStream.java:1214) ~[xstream-1.4.9.jar:1.4.9]
	at com.thoughtworks.xstream.XStream.fromXML(XStream.java:1085) ~[xstream-1.4.9.jar:1.4.9]
	at org.apache.jmeter.save.SaveService.readTree(SaveService.java:442) ~[ApacheJMeter_core.jar:3.2 r1790748]
	... 21 more
Caused by: com.thoughtworks.xstream.converters.ConversionException: 
---- Debugging information ----
cause-exception     : com.thoughtworks.xstream.mapper.CannotResolveClassException
cause-message       : com.atlantbh.jmeter.plugins.jsonutils.jsonpathextractor.JSONPathExtractor
class               : org.apache.jorphan.collections.ListedHashTree
required-type       : org.apache.jorphan.collections.ListedHashTree
converter-type      : org.apache.jmeter.save.converters.HashTreeConverter
path                : /jmeterTestPlan/hashTree/hashTree/hashTree[3]/hashTree[4]/com.atlantbh.jmeter.plugins.jsonutils.jsonpathextractor.JSONPathExtractor
line number         : 144
-------------------------------
	at com.thoughtworks.xstream.core.TreeUnmarshaller.convert(TreeUnmarshaller.java:79) ~[xstream-1.4.9.jar:1.4.9]
	at com.thoughtworks.xstream.core.AbstractReferenceUnmarshaller.convert(AbstractReferenceUnmarshaller.java:70) ~[xstream-1.4.9.jar:1.4.9]
	at com.thoughtworks.xstream.core.TreeUnmarshaller.convertAnother(TreeUnmarshaller.java:66) ~[xstream-1.4.9.jar:1.4.9]
	at com.thoughtworks.xstream.core.TreeUnmarshaller.convertAnother(TreeUnmarshaller.java:50) ~[xstream-1.4.9.jar:1.4.9]
	at com.thoughtworks.xstream.converters.collections.AbstractCollectionConverter.readItem(AbstractCollectionConverter.java:73) ~[xstream-1.4.9.jar:1.4.9]
	at org.apache.jmeter.save.converters.HashTreeConverter.unmarshal(HashTreeConverter.java:67) ~[ApacheJMeter_core.jar:3.2 r1790748]
	at com.thoughtworks.xstream.core.TreeUnmarshaller.convert(TreeUnmarshaller.java:72) ~[xstream-1.4.9.jar:1.4.9]
	at com.thoughtworks.xstream.core.AbstractReferenceUnmarshaller.convert(AbstractReferenceUnmarshaller.java:70) ~[xstream-1.4.9.jar:1.4.9]
	at com.thoughtworks.xstream.core.TreeUnmarshaller.convertAnother(TreeUnmarshaller.java:66) ~[xstream-1.4.9.jar:1.4.9]
	at com.thoughtworks.xstream.core.TreeUnmarshaller.convertAnother(TreeUnmarshaller.java:50) ~[xstream-1.4.9.jar:1.4.9]
	at com.thoughtworks.xstream.converters.collections.AbstractCollectionConverter.readItem(AbstractCollectionConverter.java:73) ~[xstream-1.4.9.jar:1.4.9]
	at org.apache.jmeter.save.converters.HashTreeConverter.unmarshal(HashTreeConverter.java:67) ~[ApacheJMeter_core.jar:3.2 r1790748]
	at com.thoughtworks.xstream.core.TreeUnmarshaller.convert(TreeUnmarshaller.java:72) ~[xstream-1.4.9.jar:1.4.9]
	at com.thoughtworks.xstream.core.AbstractReferenceUnmarshaller.convert(AbstractReferenceUnmarshaller.java:70) ~[xstream-1.4.9.jar:1.4.9]
	at com.thoughtworks.xstream.core.TreeUnmarshaller.convertAnother(TreeUnmarshaller.java:66) ~[xstream-1.4.9.jar:1.4.9]
	at com.thoughtworks.xstream.core.TreeUnmarshaller.convertAnother(TreeUnmarshaller.java:50) ~[xstream-1.4.9.jar:1.4.9]
	at com.thoughtworks.xstream.converters.collections.AbstractCollectionConverter.readItem(AbstractCollectionConverter.java:73) ~[xstream-1.4.9.jar:1.4.9]
	at org.apache.jmeter.save.converters.HashTreeConverter.unmarshal(HashTreeConverter.java:67) ~[ApacheJMeter_core.jar:3.2 r1790748]
	at com.thoughtworks.xstream.core.TreeUnmarshaller.convert(TreeUnmarshaller.java:72) ~[xstream-1.4.9.jar:1.4.9]
	at com.thoughtworks.xstream.core.AbstractReferenceUnmarshaller.convert(AbstractReferenceUnmarshaller.java:70) ~[xstream-1.4.9.jar:1.4.9]
	at com.thoughtworks.xstream.core.TreeUnmarshaller.convertAnother(TreeUnmarshaller.java:66) ~[xstream-1.4.9.jar:1.4.9]
	at com.thoughtworks.xstream.core.TreeUnmarshaller.convertAnother(TreeUnmarshaller.java:50) ~[xstream-1.4.9.jar:1.4.9]
	at org.apache.jmeter.save.ScriptWrapperConverter.unmarshal(ScriptWrapperConverter.java:95) ~[ApacheJMeter_core.jar:3.2 r1790748]
	at com.thoughtworks.xstream.core.TreeUnmarshaller.convert(TreeUnmarshaller.java:72) ~[xstream-1.4.9.jar:1.4.9]
	at com.thoughtworks.xstream.core.AbstractReferenceUnmarshaller.convert(AbstractReferenceUnmarshaller.java:70) ~[xstream-1.4.9.jar:1.4.9]
	at com.thoughtworks.xstream.core.TreeUnmarshaller.convertAnother(TreeUnmarshaller.java:66) ~[xstream-1.4.9.jar:1.4.9]
	at com.thoughtworks.xstream.core.TreeUnmarshaller.convertAnother(TreeUnmarshaller.java:50) ~[xstream-1.4.9.jar:1.4.9]
	at com.thoughtworks.xstream.core.TreeUnmarshaller.start(TreeUnmarshaller.java:134) ~[xstream-1.4.9.jar:1.4.9]
	at com.thoughtworks.xstream.core.AbstractTreeMarshallingStrategy.unmarshal(AbstractTreeMarshallingStrategy.java:32) ~[xstream-1.4.9.jar:1.4.9]
	at com.thoughtworks.xstream.XStream.unmarshal(XStream.java:1230) ~[xstream-1.4.9.jar:1.4.9]
	at com.thoughtworks.xstream.XStream.unmarshal(XStream.java:1214) ~[xstream-1.4.9.jar:1.4.9]
	at com.thoughtworks.xstream.XStream.fromXML(XStream.java:1085) ~[xstream-1.4.9.jar:1.4.9]
	at org.apache.jmeter.save.SaveService.readTree(SaveService.java:442) ~[ApacheJMeter_core.jar:3.2 r1790748]
	... 21 more
Caused by: com.thoughtworks.xstream.mapper.CannotResolveClassException: com.atlantbh.jmeter.plugins.jsonutils.jsonpathextractor.JSONPathExtractor
	at com.thoughtworks.xstream.mapper.DefaultMapper.realClass(DefaultMapper.java:81) ~[xstream-1.4.9.jar:1.4.9]
	at com.thoughtworks.xstream.mapper.MapperWrapper.realClass(MapperWrapper.java:30) ~[xstream-1.4.9.jar:1.4.9]
	at com.thoughtworks.xstream.mapper.DynamicProxyMapper.realClass(DynamicProxyMapper.java:55) ~[xstream-1.4.9.jar:1.4.9]
	at com.thoughtworks.xstream.mapper.MapperWrapper.realClass(MapperWrapper.java:30) ~[xstream-1.4.9.jar:1.4.9]
	at com.thoughtworks.xstream.mapper.PackageAliasingMapper.realClass(PackageAliasingMapper.java:88) ~[xstream-1.4.9.jar:1.4.9]
	at com.thoughtworks.xstream.mapper.MapperWrapper.realClass(MapperWrapper.java:30) ~[xstream-1.4.9.jar:1.4.9]
	at com.thoughtworks.xstream.mapper.ClassAliasingMapper.realClass(ClassAliasingMapper.java:79) ~[xstream-1.4.9.jar:1.4.9]
	at com.thoughtworks.xstream.mapper.MapperWrapper.realClass(MapperWrapper.java:30) ~[xstream-1.4.9.jar:1.4.9]
	at com.thoughtworks.xstream.mapper.MapperWrapper.realClass(MapperWrapper.java:30) ~[xstream-1.4.9.jar:1.4.9]
	at com.thoughtworks.xstream.mapper.MapperWrapper.realClass(MapperWrapper.java:30) ~[xstream-1.4.9.jar:1.4.9]
	at com.thoughtworks.xstream.mapper.MapperWrapper.realClass(MapperWrapper.java:30) ~[xstream-1.4.9.jar:1.4.9]
	at com.thoughtworks.xstream.mapper.MapperWrapper.realClass(MapperWrapper.java:30) ~[xstream-1.4.9.jar:1.4.9]
	at com.thoughtworks.xstream.mapper.MapperWrapper.realClass(MapperWrapper.java:30) ~[xstream-1.4.9.jar:1.4.9]
	at com.thoughtworks.xstream.mapper.ArrayMapper.realClass(ArrayMapper.java:74) ~[xstream-1.4.9.jar:1.4.9]
	at com.thoughtworks.xstream.mapper.MapperWrapper.realClass(MapperWrapper.java:30) ~[xstream-1.4.9.jar:1.4.9]
	at com.thoughtworks.xstream.mapper.MapperWrapper.realClass(MapperWrapper.java:30) ~[xstream-1.4.9.jar:1.4.9]
	at com.thoughtworks.xstream.mapper.MapperWrapper.realClass(MapperWrapper.java:30) ~[xstream-1.4.9.jar:1.4.9]
	at com.thoughtworks.xstream.mapper.MapperWrapper.realClass(MapperWrapper.java:30) ~[xstream-1.4.9.jar:1.4.9]
	at com.thoughtworks.xstream.mapper.MapperWrapper.realClass(MapperWrapper.java:30) ~[xstream-1.4.9.jar:1.4.9]
	at com.thoughtworks.xstream.mapper.MapperWrapper.realClass(MapperWrapper.java:30) ~[xstream-1.4.9.jar:1.4.9]
	at com.thoughtworks.xstream.mapper.MapperWrapper.realClass(MapperWrapper.java:30) ~[xstream-1.4.9.jar:1.4.9]
	at com.thoughtworks.xstream.mapper.SecurityMapper.realClass(SecurityMapper.java:71) ~[xstream-1.4.9.jar:1.4.9]
	at com.thoughtworks.xstream.mapper.MapperWrapper.realClass(MapperWrapper.java:30) ~[xstream-1.4.9.jar:1.4.9]
	at com.thoughtworks.xstream.mapper.MapperWrapper.realClass(MapperWrapper.java:30) ~[xstream-1.4.9.jar:1.4.9]
	at org.apache.jmeter.save.SaveService$XStreamWrapper$1.realClass(SaveService.java:97) ~[ApacheJMeter_core.jar:3.2 r1790748]
	at com.thoughtworks.xstream.mapper.MapperWrapper.realClass(MapperWrapper.java:30) ~[xstream-1.4.9.jar:1.4.9]
	at com.thoughtworks.xstream.mapper.CachingMapper.realClass(CachingMapper.java:47) ~[xstream-1.4.9.jar:1.4.9]
	at com.thoughtworks.xstream.core.util.HierarchicalStreams.readClassType(HierarchicalStreams.java:29) ~[xstream-1.4.9.jar:1.4.9]
	at com.thoughtworks.xstream.converters.collections.AbstractCollectionConverter.readItem(AbstractCollectionConverter.java:72) ~[xstream-1.4.9.jar:1.4.9]
	at org.apache.jmeter.save.converters.HashTreeConverter.unmarshal(HashTreeConverter.java:67) ~[ApacheJMeter_core.jar:3.2 r1790748]
	at com.thoughtworks.xstream.core.TreeUnmarshaller.convert(TreeUnmarshaller.java:72) ~[xstream-1.4.9.jar:1.4.9]
	at com.thoughtworks.xstream.core.AbstractReferenceUnmarshaller.convert(AbstractReferenceUnmarshaller.java:70) ~[xstream-1.4.9.jar:1.4.9]
	at com.thoughtworks.xstream.core.TreeUnmarshaller.convertAnother(TreeUnmarshaller.java:66) ~[xstream-1.4.9.jar:1.4.9]
	at com.thoughtworks.xstream.core.TreeUnmarshaller.convertAnother(TreeUnmarshaller.java:50) ~[xstream-1.4.9.jar:1.4.9]
	at com.thoughtworks.xstream.converters.collections.AbstractCollectionConverter.readItem(AbstractCollectionConverter.java:73) ~[xstream-1.4.9.jar:1.4.9]
	at org.apache.jmeter.save.converters.HashTreeConverter.unmarshal(HashTreeConverter.java:67) ~[ApacheJMeter_core.jar:3.2 r1790748]
	at com.thoughtworks.xstream.core.TreeUnmarshaller.convert(TreeUnmarshaller.java:72) ~[xstream-1.4.9.jar:1.4.9]
	at com.thoughtworks.xstream.core.AbstractReferenceUnmarshaller.convert(AbstractReferenceUnmarshaller.java:70) ~[xstream-1.4.9.jar:1.4.9]
	at com.thoughtworks.xstream.core.TreeUnmarshaller.convertAnother(TreeUnmarshaller.java:66) ~[xstream-1.4.9.jar:1.4.9]
	at com.thoughtworks.xstream.core.TreeUnmarshaller.convertAnother(TreeUnmarshaller.java:50) ~[xstream-1.4.9.jar:1.4.9]
	at com.thoughtworks.xstream.converters.collections.AbstractCollectionConverter.readItem(AbstractCollectionConverter.java:73) ~[xstream-1.4.9.jar:1.4.9]
	at org.apache.jmeter.save.converters.HashTreeConverter.unmarshal(HashTreeConverter.java:67) ~[ApacheJMeter_core.jar:3.2 r1790748]
	at com.thoughtworks.xstream.core.TreeUnmarshaller.convert(TreeUnmarshaller.java:72) ~[xstream-1.4.9.jar:1.4.9]
	at com.thoughtworks.xstream.core.AbstractReferenceUnmarshaller.convert(AbstractReferenceUnmarshaller.java:70) ~[xstream-1.4.9.jar:1.4.9]
	at com.thoughtworks.xstream.core.TreeUnmarshaller.convertAnother(TreeUnmarshaller.java:66) ~[xstream-1.4.9.jar:1.4.9]
	at com.thoughtworks.xstream.core.TreeUnmarshaller.convertAnother(TreeUnmarshaller.java:50) ~[xstream-1.4.9.jar:1.4.9]
	at com.thoughtworks.xstream.converters.collections.AbstractCollectionConverter.readItem(AbstractCollectionConverter.java:73) ~[xstream-1.4.9.jar:1.4.9]
	at org.apache.jmeter.save.converters.HashTreeConverter.unmarshal(HashTreeConverter.java:67) ~[ApacheJMeter_core.jar:3.2 r1790748]
	at com.thoughtworks.xstream.core.TreeUnmarshaller.convert(TreeUnmarshaller.java:72) ~[xstream-1.4.9.jar:1.4.9]
	at com.thoughtworks.xstream.core.AbstractReferenceUnmarshaller.convert(AbstractReferenceUnmarshaller.java:70) ~[xstream-1.4.9.jar:1.4.9]
	at com.thoughtworks.xstream.core.TreeUnmarshaller.convertAnother(TreeUnmarshaller.java:66) ~[xstream-1.4.9.jar:1.4.9]
	at com.thoughtworks.xstream.core.TreeUnmarshaller.convertAnother(TreeUnmarshaller.java:50) ~[xstream-1.4.9.jar:1.4.9]
	at org.apache.jmeter.save.ScriptWrapperConverter.unmarshal(ScriptWrapperConverter.java:95) ~[ApacheJMeter_core.jar:3.2 r1790748]
	at com.thoughtworks.xstream.core.TreeUnmarshaller.convert(TreeUnmarshaller.java:72) ~[xstream-1.4.9.jar:1.4.9]
	at com.thoughtworks.xstream.core.AbstractReferenceUnmarshaller.convert(AbstractReferenceUnmarshaller.java:70) ~[xstream-1.4.9.jar:1.4.9]
	at com.thoughtworks.xstream.core.TreeUnmarshaller.convertAnother(TreeUnmarshaller.java:66) ~[xstream-1.4.9.jar:1.4.9]
	at com.thoughtworks.xstream.core.TreeUnmarshaller.convertAnother(TreeUnmarshaller.java:50) ~[xstream-1.4.9.jar:1.4.9]
	at com.thoughtworks.xstream.core.TreeUnmarshaller.start(TreeUnmarshaller.java:134) ~[xstream-1.4.9.jar:1.4.9]
	at com.thoughtworks.xstream.core.AbstractTreeMarshallingStrategy.unmarshal(AbstractTreeMarshallingStrategy.java:32) ~[xstream-1.4.9.jar:1.4.9]
	at com.thoughtworks.xstream.XStream.unmarshal(XStream.java:1230) ~[xstream-1.4.9.jar:1.4.9]
	at com.thoughtworks.xstream.XStream.unmarshal(XStream.java:1214) ~[xstream-1.4.9.jar:1.4.9]
	at com.thoughtworks.xstream.XStream.fromXML(XStream.java:1085) ~[xstream-1.4.9.jar:1.4.9]
	at org.apache.jmeter.save.SaveService.readTree(SaveService.java:442) ~[ApacheJMeter_core.jar:3.2 r1790748]
	... 21 more
2017-08-12 19:20:47,567 INFO o.a.j.g.a.Load: Loading file: /Users/scorpion/Documents/SimplyPost/postmanQA/LoadTest/Pc/SimplyPostLoadTestPlan.jmx
2017-08-12 19:20:47,567 INFO o.a.j.s.FileServer: Set new base='/Users/scorpion/Documents/SimplyPost/postmanQA/LoadTest/Pc'
2017-08-12 19:20:47,567 INFO o.a.j.s.SaveService: Loading file: /Users/scorpion/Documents/SimplyPost/postmanQA/LoadTest/Pc/SimplyPostLoadTestPlan.jmx
2017-08-12 19:20:47,578 WARN o.a.j.g.a.Load: Unexpected error. java.lang.IllegalArgumentException: Problem loading XML from:'/Users/scorpion/Documents/SimplyPost/postmanQA/LoadTest/Pc/SimplyPostLoadTestPlan.jmx', missing class com.thoughtworks.xstream.converters.ConversionException: 
---- Debugging information ----
cause-exception     : com.thoughtworks.xstream.converters.ConversionException
cause-message       : 
first-jmeter-class  : org.apache.jmeter.save.converters.HashTreeConverter.unmarshal(HashTreeConverter.java:67)
class               : org.apache.jmeter.save.ScriptWrapper
required-type       : org.apache.jorphan.collections.ListedHashTree
converter-type      : org.apache.jmeter.save.ScriptWrapperConverter
path                : /jmeterTestPlan/hashTree/hashTree/hashTree[3]/hashTree[4]/com.atlantbh.jmeter.plugins.jsonutils.jsonpathextractor.JSONPathExtractor
line number         : 144
version             : 3.2 r1790748
-------------------------------
java.lang.IllegalArgumentException: Problem loading XML from:'/Users/scorpion/Documents/SimplyPost/postmanQA/LoadTest/Pc/SimplyPostLoadTestPlan.jmx', missing class com.thoughtworks.xstream.converters.ConversionException: 
---- Debugging information ----
cause-exception     : com.thoughtworks.xstream.converters.ConversionException
cause-message       : 
first-jmeter-class  : org.apache.jmeter.save.converters.HashTreeConverter.unmarshal(HashTreeConverter.java:67)
class               : org.apache.jmeter.save.ScriptWrapper
required-type       : org.apache.jorphan.collections.ListedHashTree
converter-type      : org.apache.jmeter.save.ScriptWrapperConverter
path                : /jmeterTestPlan/hashTree/hashTree/hashTree[3]/hashTree[4]/com.atlantbh.jmeter.plugins.jsonutils.jsonpathextractor.JSONPathExtractor
line number         : 144
version             : 3.2 r1790748
-------------------------------
	at org.apache.jmeter.save.SaveService.readTree(SaveService.java:457) ~[ApacheJMeter_core.jar:3.2 r1790748]
	at org.apache.jmeter.save.SaveService.loadTree(SaveService.java:425) ~[ApacheJMeter_core.jar:3.2 r1790748]
	at org.apache.jmeter.gui.action.Load.loadProjectFile(Load.java:130) ~[ApacheJMeter_core.jar:3.2 r1790748]
	at org.apache.jmeter.gui.action.Load.loadProjectFile(Load.java:102) ~[ApacheJMeter_core.jar:3.2 r1790748]
	at org.apache.jmeter.gui.action.Load.doActionAfterCheck(Load.java:89) ~[ApacheJMeter_core.jar:3.2 r1790748]
	at org.apache.jmeter.gui.action.AbstractActionWithNoRunningTest.doAction(AbstractActionWithNoRunningTest.java:45) ~[ApacheJMeter_core.jar:3.2 r1790748]
	at org.apache.jmeter.gui.action.ActionRouter.performAction(ActionRouter.java:74) ~[ApacheJMeter_core.jar:3.2 r1790748]
	at org.apache.jmeter.gui.action.ActionRouter.lambda$actionPerformed$0(ActionRouter.java:59) ~[ApacheJMeter_core.jar:3.2 r1790748]
	at java.awt.event.InvocationEvent.dispatch(InvocationEvent.java:311) [?:1.8.0_131]
	at java.awt.EventQueue.dispatchEventImpl(EventQueue.java:756) [?:1.8.0_131]
	at java.awt.EventQueue.access$500(EventQueue.java:97) [?:1.8.0_131]
	at java.awt.EventQueue$3.run(EventQueue.java:709) [?:1.8.0_131]
	at java.awt.EventQueue$3.run(EventQueue.java:703) [?:1.8.0_131]
	at java.security.AccessController.doPrivileged(Native Method) ~[?:1.8.0_131]
	at java.security.ProtectionDomain$JavaSecurityAccessImpl.doIntersectionPrivilege(ProtectionDomain.java:80) [?:1.8.0_131]
	at java.awt.EventQueue.dispatchEvent(EventQueue.java:726) [?:1.8.0_131]
	at java.awt.EventDispatchThread.pumpOneEventForFilters(EventDispatchThread.java:201) [?:1.8.0_131]
	at java.awt.EventDispatchThread.pumpEventsForFilter(EventDispatchThread.java:116) [?:1.8.0_131]
	at java.awt.EventDispatchThread.pumpEventsForHierarchy(EventDispatchThread.java:105) [?:1.8.0_131]
	at java.awt.EventDispatchThread.pumpEvents(EventDispatchThread.java:101) [?:1.8.0_131]
	at java.awt.EventDispatchThread.pumpEvents(EventDispatchThread.java:93) [?:1.8.0_131]
	at java.awt.EventDispatchThread.run(EventDispatchThread.java:82) [?:1.8.0_131]
Caused by: com.thoughtworks.xstream.converters.ConversionException: 
---- Debugging information ----
cause-exception     : com.thoughtworks.xstream.converters.ConversionException
cause-message       : 
first-jmeter-class  : org.apache.jmeter.save.converters.HashTreeConverter.unmarshal(HashTreeConverter.java:67)
class               : org.apache.jmeter.save.ScriptWrapper
required-type       : org.apache.jorphan.collections.ListedHashTree
converter-type      : org.apache.jmeter.save.ScriptWrapperConverter
path                : /jmeterTestPlan/hashTree/hashTree/hashTree[3]/hashTree[4]/com.atlantbh.jmeter.plugins.jsonutils.jsonpathextractor.JSONPathExtractor
line number         : 144
version             : 3.2 r1790748
-------------------------------
	at org.apache.jmeter.save.ScriptWrapperConverter.createConversionException(ScriptWrapperConverter.java:103) ~[ApacheJMeter_core.jar:3.2 r1790748]
	at org.apache.jmeter.save.ScriptWrapperConverter.unmarshal(ScriptWrapperConverter.java:97) ~[ApacheJMeter_core.jar:3.2 r1790748]
	at com.thoughtworks.xstream.core.TreeUnmarshaller.convert(TreeUnmarshaller.java:72) ~[xstream-1.4.9.jar:1.4.9]
	at com.thoughtworks.xstream.core.AbstractReferenceUnmarshaller.convert(AbstractReferenceUnmarshaller.java:70) ~[xstream-1.4.9.jar:1.4.9]
	at com.thoughtworks.xstream.core.TreeUnmarshaller.convertAnother(TreeUnmarshaller.java:66) ~[xstream-1.4.9.jar:1.4.9]
	at com.thoughtworks.xstream.core.TreeUnmarshaller.convertAnother(TreeUnmarshaller.java:50) ~[xstream-1.4.9.jar:1.4.9]
	at com.thoughtworks.xstream.core.TreeUnmarshaller.start(TreeUnmarshaller.java:134) ~[xstream-1.4.9.jar:1.4.9]
	at com.thoughtworks.xstream.core.AbstractTreeMarshallingStrategy.unmarshal(AbstractTreeMarshallingStrategy.java:32) ~[xstream-1.4.9.jar:1.4.9]
	at com.thoughtworks.xstream.XStream.unmarshal(XStream.java:1230) ~[xstream-1.4.9.jar:1.4.9]
	at com.thoughtworks.xstream.XStream.unmarshal(XStream.java:1214) ~[xstream-1.4.9.jar:1.4.9]
	at com.thoughtworks.xstream.XStream.fromXML(XStream.java:1085) ~[xstream-1.4.9.jar:1.4.9]
	at org.apache.jmeter.save.SaveService.readTree(SaveService.java:442) ~[ApacheJMeter_core.jar:3.2 r1790748]
	... 21 more
Caused by: com.thoughtworks.xstream.converters.ConversionException: 
---- Debugging information ----
cause-exception     : com.thoughtworks.xstream.mapper.CannotResolveClassException
cause-message       : com.atlantbh.jmeter.plugins.jsonutils.jsonpathextractor.JSONPathExtractor
class               : org.apache.jorphan.collections.ListedHashTree
required-type       : org.apache.jorphan.collections.ListedHashTree
converter-type      : org.apache.jmeter.save.converters.HashTreeConverter
path                : /jmeterTestPlan/hashTree/hashTree/hashTree[3]/hashTree[4]/com.atlantbh.jmeter.plugins.jsonutils.jsonpathextractor.JSONPathExtractor
line number         : 144
-------------------------------
	at com.thoughtworks.xstream.core.TreeUnmarshaller.convert(TreeUnmarshaller.java:79) ~[xstream-1.4.9.jar:1.4.9]
	at com.thoughtworks.xstream.core.AbstractReferenceUnmarshaller.convert(AbstractReferenceUnmarshaller.java:70) ~[xstream-1.4.9.jar:1.4.9]
	at com.thoughtworks.xstream.core.TreeUnmarshaller.convertAnother(TreeUnmarshaller.java:66) ~[xstream-1.4.9.jar:1.4.9]
	at com.thoughtworks.xstream.core.TreeUnmarshaller.convertAnother(TreeUnmarshaller.java:50) ~[xstream-1.4.9.jar:1.4.9]
	at com.thoughtworks.xstream.converters.collections.AbstractCollectionConverter.readItem(AbstractCollectionConverter.java:73) ~[xstream-1.4.9.jar:1.4.9]
	at org.apache.jmeter.save.converters.HashTreeConverter.unmarshal(HashTreeConverter.java:67) ~[ApacheJMeter_core.jar:3.2 r1790748]
	at com.thoughtworks.xstream.core.TreeUnmarshaller.convert(TreeUnmarshaller.java:72) ~[xstream-1.4.9.jar:1.4.9]
	at com.thoughtworks.xstream.core.AbstractReferenceUnmarshaller.convert(AbstractReferenceUnmarshaller.java:70) ~[xstream-1.4.9.jar:1.4.9]
	at com.thoughtworks.xstream.core.TreeUnmarshaller.convertAnother(TreeUnmarshaller.java:66) ~[xstream-1.4.9.jar:1.4.9]
	at com.thoughtworks.xstream.core.TreeUnmarshaller.convertAnother(TreeUnmarshaller.java:50) ~[xstream-1.4.9.jar:1.4.9]
	at com.thoughtworks.xstream.converters.collections.AbstractCollectionConverter.readItem(AbstractCollectionConverter.java:73) ~[xstream-1.4.9.jar:1.4.9]
	at org.apache.jmeter.save.converters.HashTreeConverter.unmarshal(HashTreeConverter.java:67) ~[ApacheJMeter_core.jar:3.2 r1790748]
	at com.thoughtworks.xstream.core.TreeUnmarshaller.convert(TreeUnmarshaller.java:72) ~[xstream-1.4.9.jar:1.4.9]
	at com.thoughtworks.xstream.core.AbstractReferenceUnmarshaller.convert(AbstractReferenceUnmarshaller.java:70) ~[xstream-1.4.9.jar:1.4.9]
	at com.thoughtworks.xstream.core.TreeUnmarshaller.convertAnother(TreeUnmarshaller.java:66) ~[xstream-1.4.9.jar:1.4.9]
	at com.thoughtworks.xstream.core.TreeUnmarshaller.convertAnother(TreeUnmarshaller.java:50) ~[xstream-1.4.9.jar:1.4.9]
	at com.thoughtworks.xstream.converters.collections.AbstractCollectionConverter.readItem(AbstractCollectionConverter.java:73) ~[xstream-1.4.9.jar:1.4.9]
	at org.apache.jmeter.save.converters.HashTreeConverter.unmarshal(HashTreeConverter.java:67) ~[ApacheJMeter_core.jar:3.2 r1790748]
	at com.thoughtworks.xstream.core.TreeUnmarshaller.convert(TreeUnmarshaller.java:72) ~[xstream-1.4.9.jar:1.4.9]
	at com.thoughtworks.xstream.core.AbstractReferenceUnmarshaller.convert(AbstractReferenceUnmarshaller.java:70) ~[xstream-1.4.9.jar:1.4.9]
	at com.thoughtworks.xstream.core.TreeUnmarshaller.convertAnother(TreeUnmarshaller.java:66) ~[xstream-1.4.9.jar:1.4.9]
	at com.thoughtworks.xstream.core.TreeUnmarshaller.convertAnother(TreeUnmarshaller.java:50) ~[xstream-1.4.9.jar:1.4.9]
	at org.apache.jmeter.save.ScriptWrapperConverter.unmarshal(ScriptWrapperConverter.java:95) ~[ApacheJMeter_core.jar:3.2 r1790748]
	at com.thoughtworks.xstream.core.TreeUnmarshaller.convert(TreeUnmarshaller.java:72) ~[xstream-1.4.9.jar:1.4.9]
	at com.thoughtworks.xstream.core.AbstractReferenceUnmarshaller.convert(AbstractReferenceUnmarshaller.java:70) ~[xstream-1.4.9.jar:1.4.9]
	at com.thoughtworks.xstream.core.TreeUnmarshaller.convertAnother(TreeUnmarshaller.java:66) ~[xstream-1.4.9.jar:1.4.9]
	at com.thoughtworks.xstream.core.TreeUnmarshaller.convertAnother(TreeUnmarshaller.java:50) ~[xstream-1.4.9.jar:1.4.9]
	at com.thoughtworks.xstream.core.TreeUnmarshaller.start(TreeUnmarshaller.java:134) ~[xstream-1.4.9.jar:1.4.9]
	at com.thoughtworks.xstream.core.AbstractTreeMarshallingStrategy.unmarshal(AbstractTreeMarshallingStrategy.java:32) ~[xstream-1.4.9.jar:1.4.9]
	at com.thoughtworks.xstream.XStream.unmarshal(XStream.java:1230) ~[xstream-1.4.9.jar:1.4.9]
	at com.thoughtworks.xstream.XStream.unmarshal(XStream.java:1214) ~[xstream-1.4.9.jar:1.4.9]
	at com.thoughtworks.xstream.XStream.fromXML(XStream.java:1085) ~[xstream-1.4.9.jar:1.4.9]
	at org.apache.jmeter.save.SaveService.readTree(SaveService.java:442) ~[ApacheJMeter_core.jar:3.2 r1790748]
	... 21 more
Caused by: com.thoughtworks.xstream.mapper.CannotResolveClassException: com.atlantbh.jmeter.plugins.jsonutils.jsonpathextractor.JSONPathExtractor
	at com.thoughtworks.xstream.mapper.DefaultMapper.realClass(DefaultMapper.java:81) ~[xstream-1.4.9.jar:1.4.9]
	at com.thoughtworks.xstream.mapper.MapperWrapper.realClass(MapperWrapper.java:30) ~[xstream-1.4.9.jar:1.4.9]
	at com.thoughtworks.xstream.mapper.DynamicProxyMapper.realClass(DynamicProxyMapper.java:55) ~[xstream-1.4.9.jar:1.4.9]
	at com.thoughtworks.xstream.mapper.MapperWrapper.realClass(MapperWrapper.java:30) ~[xstream-1.4.9.jar:1.4.9]
	at com.thoughtworks.xstream.mapper.PackageAliasingMapper.realClass(PackageAliasingMapper.java:88) ~[xstream-1.4.9.jar:1.4.9]
	at com.thoughtworks.xstream.mapper.MapperWrapper.realClass(MapperWrapper.java:30) ~[xstream-1.4.9.jar:1.4.9]
	at com.thoughtworks.xstream.mapper.ClassAliasingMapper.realClass(ClassAliasingMapper.java:79) ~[xstream-1.4.9.jar:1.4.9]
	at com.thoughtworks.xstream.mapper.MapperWrapper.realClass(MapperWrapper.java:30) ~[xstream-1.4.9.jar:1.4.9]
	at com.thoughtworks.xstream.mapper.MapperWrapper.realClass(MapperWrapper.java:30) ~[xstream-1.4.9.jar:1.4.9]
	at com.thoughtworks.xstream.mapper.MapperWrapper.realClass(MapperWrapper.java:30) ~[xstream-1.4.9.jar:1.4.9]
	at com.thoughtworks.xstream.mapper.MapperWrapper.realClass(MapperWrapper.java:30) ~[xstream-1.4.9.jar:1.4.9]
	at com.thoughtworks.xstream.mapper.MapperWrapper.realClass(MapperWrapper.java:30) ~[xstream-1.4.9.jar:1.4.9]
	at com.thoughtworks.xstream.mapper.MapperWrapper.realClass(MapperWrapper.java:30) ~[xstream-1.4.9.jar:1.4.9]
	at com.thoughtworks.xstream.mapper.ArrayMapper.realClass(ArrayMapper.java:74) ~[xstream-1.4.9.jar:1.4.9]
	at com.thoughtworks.xstream.mapper.MapperWrapper.realClass(MapperWrapper.java:30) ~[xstream-1.4.9.jar:1.4.9]
	at com.thoughtworks.xstream.mapper.MapperWrapper.realClass(MapperWrapper.java:30) ~[xstream-1.4.9.jar:1.4.9]
	at com.thoughtworks.xstream.mapper.MapperWrapper.realClass(MapperWrapper.java:30) ~[xstream-1.4.9.jar:1.4.9]
	at com.thoughtworks.xstream.mapper.MapperWrapper.realClass(MapperWrapper.java:30) ~[xstream-1.4.9.jar:1.4.9]
	at com.thoughtworks.xstream.mapper.MapperWrapper.realClass(MapperWrapper.java:30) ~[xstream-1.4.9.jar:1.4.9]
	at com.thoughtworks.xstream.mapper.MapperWrapper.realClass(MapperWrapper.java:30) ~[xstream-1.4.9.jar:1.4.9]
	at com.thoughtworks.xstream.mapper.MapperWrapper.realClass(MapperWrapper.java:30) ~[xstream-1.4.9.jar:1.4.9]
	at com.thoughtworks.xstream.mapper.SecurityMapper.realClass(SecurityMapper.java:71) ~[xstream-1.4.9.jar:1.4.9]
	at com.thoughtworks.xstream.mapper.MapperWrapper.realClass(MapperWrapper.java:30) ~[xstream-1.4.9.jar:1.4.9]
	at com.thoughtworks.xstream.mapper.MapperWrapper.realClass(MapperWrapper.java:30) ~[xstream-1.4.9.jar:1.4.9]
	at org.apache.jmeter.save.SaveService$XStreamWrapper$1.realClass(SaveService.java:97) ~[ApacheJMeter_core.jar:3.2 r1790748]
	at com.thoughtworks.xstream.mapper.MapperWrapper.realClass(MapperWrapper.java:30) ~[xstream-1.4.9.jar:1.4.9]
	at com.thoughtworks.xstream.mapper.CachingMapper.realClass(CachingMapper.java:47) ~[xstream-1.4.9.jar:1.4.9]
	at com.thoughtworks.xstream.core.util.HierarchicalStreams.readClassType(HierarchicalStreams.java:29) ~[xstream-1.4.9.jar:1.4.9]
	at com.thoughtworks.xstream.converters.collections.AbstractCollectionConverter.readItem(AbstractCollectionConverter.java:72) ~[xstream-1.4.9.jar:1.4.9]
	at org.apache.jmeter.save.converters.HashTreeConverter.unmarshal(HashTreeConverter.java:67) ~[ApacheJMeter_core.jar:3.2 r1790748]
	at com.thoughtworks.xstream.core.TreeUnmarshaller.convert(TreeUnmarshaller.java:72) ~[xstream-1.4.9.jar:1.4.9]
	at com.thoughtworks.xstream.core.AbstractReferenceUnmarshaller.convert(AbstractReferenceUnmarshaller.java:70) ~[xstream-1.4.9.jar:1.4.9]
	at com.thoughtworks.xstream.core.TreeUnmarshaller.convertAnother(TreeUnmarshaller.java:66) ~[xstream-1.4.9.jar:1.4.9]
	at com.thoughtworks.xstream.core.TreeUnmarshaller.convertAnother(TreeUnmarshaller.java:50) ~[xstream-1.4.9.jar:1.4.9]
	at com.thoughtworks.xstream.converters.collections.AbstractCollectionConverter.readItem(AbstractCollectionConverter.java:73) ~[xstream-1.4.9.jar:1.4.9]
	at org.apache.jmeter.save.converters.HashTreeConverter.unmarshal(HashTreeConverter.java:67) ~[ApacheJMeter_core.jar:3.2 r1790748]
	at com.thoughtworks.xstream.core.TreeUnmarshaller.convert(TreeUnmarshaller.java:72) ~[xstream-1.4.9.jar:1.4.9]
	at com.thoughtworks.xstream.core.AbstractReferenceUnmarshaller.convert(AbstractReferenceUnmarshaller.java:70) ~[xstream-1.4.9.jar:1.4.9]
	at com.thoughtworks.xstream.core.TreeUnmarshaller.convertAnother(TreeUnmarshaller.java:66) ~[xstream-1.4.9.jar:1.4.9]
	at com.thoughtworks.xstream.core.TreeUnmarshaller.convertAnother(TreeUnmarshaller.java:50) ~[xstream-1.4.9.jar:1.4.9]
	at com.thoughtworks.xstream.converters.collections.AbstractCollectionConverter.readItem(AbstractCollectionConverter.java:73) ~[xstream-1.4.9.jar:1.4.9]
	at org.apache.jmeter.save.converters.HashTreeConverter.unmarshal(HashTreeConverter.java:67) ~[ApacheJMeter_core.jar:3.2 r1790748]
	at com.thoughtworks.xstream.core.TreeUnmarshaller.convert(TreeUnmarshaller.java:72) ~[xstream-1.4.9.jar:1.4.9]
	at com.thoughtworks.xstream.core.AbstractReferenceUnmarshaller.convert(AbstractReferenceUnmarshaller.java:70) ~[xstream-1.4.9.jar:1.4.9]
	at com.thoughtworks.xstream.core.TreeUnmarshaller.convertAnother(TreeUnmarshaller.java:66) ~[xstream-1.4.9.jar:1.4.9]
	at com.thoughtworks.xstream.core.TreeUnmarshaller.convertAnother(TreeUnmarshaller.java:50) ~[xstream-1.4.9.jar:1.4.9]
	at com.thoughtworks.xstream.converters.collections.AbstractCollectionConverter.readItem(AbstractCollectionConverter.java:73) ~[xstream-1.4.9.jar:1.4.9]
	at org.apache.jmeter.save.converters.HashTreeConverter.unmarshal(HashTreeConverter.java:67) ~[ApacheJMeter_core.jar:3.2 r1790748]
	at com.thoughtworks.xstream.core.TreeUnmarshaller.convert(TreeUnmarshaller.java:72) ~[xstream-1.4.9.jar:1.4.9]
	at com.thoughtworks.xstream.core.AbstractReferenceUnmarshaller.convert(AbstractReferenceUnmarshaller.java:70) ~[xstream-1.4.9.jar:1.4.9]
	at com.thoughtworks.xstream.core.TreeUnmarshaller.convertAnother(TreeUnmarshaller.java:66) ~[xstream-1.4.9.jar:1.4.9]
	at com.thoughtworks.xstream.core.TreeUnmarshaller.convertAnother(TreeUnmarshaller.java:50) ~[xstream-1.4.9.jar:1.4.9]
	at org.apache.jmeter.save.ScriptWrapperConverter.unmarshal(ScriptWrapperConverter.java:95) ~[ApacheJMeter_core.jar:3.2 r1790748]
	at com.thoughtworks.xstream.core.TreeUnmarshaller.convert(TreeUnmarshaller.java:72) ~[xstream-1.4.9.jar:1.4.9]
	at com.thoughtworks.xstream.core.AbstractReferenceUnmarshaller.convert(AbstractReferenceUnmarshaller.java:70) ~[xstream-1.4.9.jar:1.4.9]
	at com.thoughtworks.xstream.core.TreeUnmarshaller.convertAnother(TreeUnmarshaller.java:66) ~[xstream-1.4.9.jar:1.4.9]
	at com.thoughtworks.xstream.core.TreeUnmarshaller.convertAnother(TreeUnmarshaller.java:50) ~[xstream-1.4.9.jar:1.4.9]
	at com.thoughtworks.xstream.core.TreeUnmarshaller.start(TreeUnmarshaller.java:134) ~[xstream-1.4.9.jar:1.4.9]
	at com.thoughtworks.xstream.core.AbstractTreeMarshallingStrategy.unmarshal(AbstractTreeMarshallingStrategy.java:32) ~[xstream-1.4.9.jar:1.4.9]
	at com.thoughtworks.xstream.XStream.unmarshal(XStream.java:1230) ~[xstream-1.4.9.jar:1.4.9]
	at com.thoughtworks.xstream.XStream.unmarshal(XStream.java:1214) ~[xstream-1.4.9.jar:1.4.9]
	at com.thoughtworks.xstream.XStream.fromXML(XStream.java:1085) ~[xstream-1.4.9.jar:1.4.9]
	at org.apache.jmeter.save.SaveService.readTree(SaveService.java:442) ~[ApacheJMeter_core.jar:3.2 r1790748]
	... 21 more
